running egg_info
writing build/cherry_bot/cherry_bot.egg-info/PKG-INFO
writing dependency_links to build/cherry_bot/cherry_bot.egg-info/dependency_links.txt
writing entry points to build/cherry_bot/cherry_bot.egg-info/entry_points.txt
writing requirements to build/cherry_bot/cherry_bot.egg-info/requires.txt
writing top-level names to build/cherry_bot/cherry_bot.egg-info/top_level.txt
reading manifest file 'build/cherry_bot/cherry_bot.egg-info/SOURCES.txt'
adding license file 'LICENSE'
writing manifest file 'build/cherry_bot/cherry_bot.egg-info/SOURCES.txt'
running build
running build_py
running install
running install_lib
running install_data
running install_egg_info
removing '/home/m/Documents/GitHub/cherry_bot/install/cherry_bot/lib/python3.10/site-packages/cherry_bot-0.0.0-py3.10.egg-info' (and everything under it)
Copying build/cherry_bot/cherry_bot.egg-info to /home/m/Documents/GitHub/cherry_bot/install/cherry_bot/lib/python3.10/site-packages/cherry_bot-0.0.0-py3.10.egg-info
running install_scripts
Installing ekf_pose script to /home/m/Documents/GitHub/cherry_bot/install/cherry_bot/lib/cherry_bot
Installing goals script to /home/m/Documents/GitHub/cherry_bot/install/cherry_bot/lib/cherry_bot
Installing nav2goal script to /home/m/Documents/GitHub/cherry_bot/install/cherry_bot/lib/cherry_bot
Installing noisy_pose script to /home/m/Documents/GitHub/cherry_bot/install/cherry_bot/lib/cherry_bot
Installing simulation = cherry_bot.simulation:mainlidar script to /home/m/Documents/GitHub/cherry_bot/install/cherry_bot/lib/cherry_bot
Installing true_pose script to /home/m/Documents/GitHub/cherry_bot/install/cherry_bot/lib/cherry_bot
writing list of installed files to '/home/m/Documents/GitHub/cherry_bot/build/cherry_bot/install.log'
