[0.666s] Invoking command in '/home/m/Documents/GitHub/cherry_bot': PYTHONPATH=/home/m/Documents/GitHub/cherry_bot/build/cherry_bot/prefix_override:/usr/lib/python3/dist-packages/colcon_core/task/python/colcon_distutils_commands:/home/m/Documents/GitHub/cherry_bot/install/cherry_bot/lib/python3.10/site-packages:${PYTHONPATH} /usr/bin/python3 -W ignore:setup.py install is deprecated -W ignore:easy_install command is deprecated setup.py egg_info --egg-base build/cherry_bot build --build-base /home/m/Documents/GitHub/cherry_bot/build/cherry_bot/build install --record /home/m/Documents/GitHub/cherry_bot/build/cherry_bot/install.log --single-version-externally-managed install_data
[0.910s] running egg_info
[0.911s] writing build/cherry_bot/cherry_bot.egg-info/PKG-INFO
[0.911s] writing dependency_links to build/cherry_bot/cherry_bot.egg-info/dependency_links.txt
[0.911s] writing entry points to build/cherry_bot/cherry_bot.egg-info/entry_points.txt
[0.911s] writing requirements to build/cherry_bot/cherry_bot.egg-info/requires.txt
[0.911s] writing top-level names to build/cherry_bot/cherry_bot.egg-info/top_level.txt
[0.913s] reading manifest file 'build/cherry_bot/cherry_bot.egg-info/SOURCES.txt'
[0.913s] adding license file 'LICENSE'
[0.914s] writing manifest file 'build/cherry_bot/cherry_bot.egg-info/SOURCES.txt'
[0.914s] running build
[0.914s] running build_py
[0.916s] running install
[0.916s] running install_lib
[0.918s] running install_data
[0.918s] running install_egg_info
[0.920s] removing '/home/m/Documents/GitHub/cherry_bot/install/cherry_bot/lib/python3.10/site-packages/cherry_bot-0.0.0-py3.10.egg-info' (and everything under it)
[0.920s] Copying build/cherry_bot/cherry_bot.egg-info to /home/m/Documents/GitHub/cherry_bot/install/cherry_bot/lib/python3.10/site-packages/cherry_bot-0.0.0-py3.10.egg-info
[0.921s] running install_scripts
[0.943s] Installing ekf_pose script to /home/m/Documents/GitHub/cherry_bot/install/cherry_bot/lib/cherry_bot
[0.943s] Installing goals script to /home/m/Documents/GitHub/cherry_bot/install/cherry_bot/lib/cherry_bot
[0.943s] Installing nav2goal script to /home/m/Documents/GitHub/cherry_bot/install/cherry_bot/lib/cherry_bot
[0.944s] Installing noisy_pose script to /home/m/Documents/GitHub/cherry_bot/install/cherry_bot/lib/cherry_bot
[0.944s] Installing simulation = cherry_bot.simulation:mainlidar script to /home/m/Documents/GitHub/cherry_bot/install/cherry_bot/lib/cherry_bot
[0.944s] Installing true_pose script to /home/m/Documents/GitHub/cherry_bot/install/cherry_bot/lib/cherry_bot
[0.944s] writing list of installed files to '/home/m/Documents/GitHub/cherry_bot/build/cherry_bot/install.log'
[0.967s] Invoked command in '/home/m/Documents/GitHub/cherry_bot' returned '0': PYTHONPATH=/home/m/Documents/GitHub/cherry_bot/build/cherry_bot/prefix_override:/usr/lib/python3/dist-packages/colcon_core/task/python/colcon_distutils_commands:/home/m/Documents/GitHub/cherry_bot/install/cherry_bot/lib/python3.10/site-packages:${PYTHONPATH} /usr/bin/python3 -W ignore:setup.py install is deprecated -W ignore:easy_install command is deprecated setup.py egg_info --egg-base build/cherry_bot build --build-base /home/m/Documents/GitHub/cherry_bot/build/cherry_bot/build install --record /home/m/Documents/GitHub/cherry_bot/build/cherry_bot/install.log --single-version-externally-managed install_data
